<?xml version="1.0" encoding="UTF-8"?>
<!-- Generated by org.testng.reporters.JUnitXMLReporter -->
<testsuite hostname="DAAS-SAPTS-V007" ignored="0" name="Default test" tests="4" failures="0" timestamp="08 Feb 2018 11:01:32 GMT" time="53.032" errors="0">
  <testcase name="LoginvalidationTest" time="5.736" classname="Mathi.Test.Loginvalidation"/>
  <testcase name="LoginvalidationTest" time="6.29" classname="Mathi.Test.Loginvalidation"/>
  <testcase name="LoginvalidationTest" time="16.824" classname="Mathi.Test.Loginvalidation"/>
  <testcase name="LoginvalidationTest" time="13.659" classname="Mathi.Test.Loginvalidation"/>
</testsuite> <!-- Default test -->
