<?xml version="1.0" encoding="UTF-8"?>
<!-- Generated by org.testng.reporters.JUnitXMLReporter -->
<testsuite hostname="DAAS-SAPTS-V007" ignored="0" name="Default test" tests="3" failures="0" timestamp="14 Feb 2018 07:47:05 GMT" time="39.274" errors="0">
  <testcase name="Launchbrowser" time="8.506" classname="Mathi.Test.SeleniumQC"/>
  <testcase name="RequestAccessTest" time="19.176" classname="Mathi.Test.SeleniumQC"/>
  <testcase name="Closebrowser" time="2.549" classname="Mathi.Test.SeleniumQC"/>
</testsuite> <!-- Default test -->
