<?xml version="1.0" encoding="UTF-8"?>
<!-- Generated by org.testng.reporters.JUnitXMLReporter -->
<testsuite hostname="DAAS-SAPTS-V007" ignored="0" name="professional.com" tests="17" failures="6" timestamp="15 Feb 2018 10:39:39 GMT" time="39.216" errors="0">
  <testcase name="Launchbrowser" time="10.874" classname="Mathi.Test.RequestaccessvalidationTestB"/>
  <testcase name="SelectRegion" time="8.916" classname="Mathi.Test.RequestaccessvalidationTestB"/>
  <testcase name="ClickSubmit" time="8.982" classname="Mathi.Test.RequestaccessvalidationTestB"/>
  <testcase name="ValidateHeaderErrormessages" time="0.282" classname="Mathi.Test.RequestaccessvalidationTestB">
    <failure type="java.lang.AssertionError" message="expected [Please correct the errors below.] but found [Please correct the error below.]">
      <![CDATA[java.lang.AssertionError: expected [Please correct the errors below.] but found [Please correct the error below.]
	at Mathi.Test.RequestaccessvalidationTestB.ValidateHeaderErrormessages(RequestaccessvalidationTestB.java:89)
... Removed 34 stack frames]]>
    </failure>
  </testcase> <!-- ValidateHeaderErrormessages -->
  <testcase name="ValidateEmailErrormessages" time="0.409" classname="Mathi.Test.RequestaccessvalidationTestB">
    <failure type="java.lang.AssertionError" message="expected [Please enter an e-mail address] but found [Please enter an email address]">
      <![CDATA[java.lang.AssertionError: expected [Please enter an e-mail address] but found [Please enter an email address]
	at Mathi.Test.RequestaccessvalidationTestB.ValidateEmailErrormessages(RequestaccessvalidationTestB.java:99)
... Removed 34 stack frames]]>
    </failure>
  </testcase> <!-- ValidateEmailErrormessages -->
  <testcase name="ValidatepasswordErrormessages" time="0.369" classname="Mathi.Test.RequestaccessvalidationTestB">
    <failure type="java.lang.AssertionError" message="expected [Password must contain seven characters or more] but found [Password must contain seven characters or more ]">
      <![CDATA[java.lang.AssertionError: expected [Password must contain seven characters or more] but found [Password must contain seven characters or more ]
	at Mathi.Test.RequestaccessvalidationTestB.ValidatepasswordErrormessages(RequestaccessvalidationTestB.java:110)
... Removed 34 stack frames]]>
    </failure>
  </testcase> <!-- ValidatepasswordErrormessages -->
  <testcase name="ValidateFNErrormessages" time="0.347" classname="Mathi.Test.RequestaccessvalidationTestB">
    <failure type="java.lang.AssertionError" message="expected [Please enter a first name] but found [Please enter first name]">
      <![CDATA[java.lang.AssertionError: expected [Please enter a first name] but found [Please enter first name]
	at Mathi.Test.RequestaccessvalidationTestB.ValidateFNErrormessages(RequestaccessvalidationTestB.java:121)
... Removed 34 stack frames]]>
    </failure>
  </testcase> <!-- ValidateFNErrormessages -->
  <testcase name="ValidateLNErrormessages" time="0.356" classname="Mathi.Test.RequestaccessvalidationTestB"/>
  <testcase name="ValidateFacilityErrormessages" time="0.282" classname="Mathi.Test.RequestaccessvalidationTestB"/>
  <testcase name="ValidateAddress1Errormessages" time="0.296" classname="Mathi.Test.RequestaccessvalidationTestB"/>
  <testcase name="ValidateCityErrormessages" time="0.329" classname="Mathi.Test.RequestaccessvalidationTestB"/>
  <testcase name="ValidateStateErrormessages" time="0.296" classname="Mathi.Test.RequestaccessvalidationTestB">
    <failure type="java.lang.AssertionError" message="expected [Please select a state] but found [Please ]">
      <![CDATA[java.lang.AssertionError: expected [Please select a state] but found [Please ]
	at Mathi.Test.RequestaccessvalidationTestB.ValidateStateErrormessages(RequestaccessvalidationTestB.java:178)
... Removed 34 stack frames]]>
    </failure>
  </testcase> <!-- ValidateStateErrormessages -->
  <testcase name="ValidateZipcodeErrormessages" time="0.349" classname="Mathi.Test.RequestaccessvalidationTestB">
    <failure type="java.lang.AssertionError" message="expected [Please enter a ZIP/Postal Code] but found [Please enter ]">
      <![CDATA[java.lang.AssertionError: expected [Please enter a ZIP/Postal Code] but found [Please enter ]
	at Mathi.Test.RequestaccessvalidationTestB.ValidateZipcodeErrormessages(RequestaccessvalidationTestB.java:190)
... Removed 34 stack frames]]>
    </failure>
  </testcase> <!-- ValidateZipcodeErrormessages -->
  <testcase name="ValidatePhoneErrormessages" time="0.297" classname="Mathi.Test.RequestaccessvalidationTestB"/>
  <testcase name="ValidateSpecialityErrormessages" time="0.313" classname="Mathi.Test.RequestaccessvalidationTestB"/>
  <testcase name="ValidateHCPCheckboxErrormessages" time="0.312" classname="Mathi.Test.RequestaccessvalidationTestB"/>
  <testcase name="Closebrowser" time="2.675" classname="Mathi.Test.RequestaccessvalidationTestB"/>
</testsuite> <!-- professional.com -->
