<?xml version="1.0" encoding="UTF-8"?>
<testsuite xmlns:xsi="http://www.w3.org/2001/XMLSchema-instance" xsi:schemaLocation="https://maven.apache.org/surefire/maven-surefire-plugin/xsd/surefire-test-report.xsd" name="TestSuite" time="50.687" tests="17" errors="0" skipped="0" failures="6">
  <properties>
[...]
</properties>
  <testcase name="Launchbrowser" classname="Mathi.Test.RequestaccessvalidationTestB" time="10.874"/>
  <testcase name="SelectRegion" classname="Mathi.Test.RequestaccessvalidationTestB" time="8.916"/>
  <testcase name="ClickSubmit" classname="Mathi.Test.RequestaccessvalidationTestB" time="8.982"/>
  <testcase name="ValidateHeaderErrormessages" classname="Mathi.Test.RequestaccessvalidationTestB" time="0.297">
    <failure message="expected [Please correct the errors below.] but found [Please correct the error below.]" type="java.lang.AssertionError">java.lang.AssertionError: expected [Please correct the errors below.] but found [Please correct the error below.]
	at Mathi.Test.RequestaccessvalidationTestB.ValidateHeaderErrormessages(RequestaccessvalidationTestB.java:89)
</failure>
  </testcase>
  <testcase name="ValidateEmailErrormessages" classname="Mathi.Test.RequestaccessvalidationTestB" time="0.409">
    <failure message="expected [Please enter an e-mail address] but found [Please enter an email address]" type="java.lang.AssertionError">java.lang.AssertionError: expected [Please enter an e-mail address] but found [Please enter an email address]
	at Mathi.Test.RequestaccessvalidationTestB.ValidateEmailErrormessages(RequestaccessvalidationTestB.java:99)
</failure>
    <system-out><![CDATA[Bumblebee: Taking screenshot: C:\Users\padivv2\AppData\Local\Temp\screenshot475874373846833282.png
]]></system-out>
  </testcase>
  <testcase name="ValidatepasswordErrormessages" classname="Mathi.Test.RequestaccessvalidationTestB" time="0.368">
    <failure message="expected [Password must contain seven characters or more] but found [Password must contain seven characters or more ]" type="java.lang.AssertionError">java.lang.AssertionError: expected [Password must contain seven characters or more] but found [Password must contain seven characters or more ]
	at Mathi.Test.RequestaccessvalidationTestB.ValidatepasswordErrormessages(RequestaccessvalidationTestB.java:110)
</failure>
    <system-out><![CDATA[Bumblebee: Taking screenshot: C:\Users\padivv2\AppData\Local\Temp\screenshot7126178152887057277.png
]]></system-out>
  </testcase>
  <testcase name="ValidateFNErrormessages" classname="Mathi.Test.RequestaccessvalidationTestB" time="0.347">
    <failure message="expected [Please enter a first name] but found [Please enter first name]" type="java.lang.AssertionError">java.lang.AssertionError: expected [Please enter a first name] but found [Please enter first name]
	at Mathi.Test.RequestaccessvalidationTestB.ValidateFNErrormessages(RequestaccessvalidationTestB.java:121)
</failure>
    <system-out><![CDATA[Bumblebee: Taking screenshot: C:\Users\padivv2\AppData\Local\Temp\screenshot7542895187295902248.png
]]></system-out>
  </testcase>
  <testcase name="ValidateLNErrormessages" classname="Mathi.Test.RequestaccessvalidationTestB" time="0.356"/>
  <testcase name="ValidateFacilityErrormessages" classname="Mathi.Test.RequestaccessvalidationTestB" time="0.282"/>
  <testcase name="ValidateAddress1Errormessages" classname="Mathi.Test.RequestaccessvalidationTestB" time="0.39"/>
  <testcase name="ValidateCityErrormessages" classname="Mathi.Test.RequestaccessvalidationTestB" time="0.25"/>
  <testcase name="ValidateStateErrormessages" classname="Mathi.Test.RequestaccessvalidationTestB" time="0.328">
    <failure message="expected [Please select a state] but found [Please ]" type="java.lang.AssertionError">java.lang.AssertionError: expected [Please select a state] but found [Please ]
	at Mathi.Test.RequestaccessvalidationTestB.ValidateStateErrormessages(RequestaccessvalidationTestB.java:178)
</failure>
  </testcase>
  <testcase name="ValidateZipcodeErrormessages" classname="Mathi.Test.RequestaccessvalidationTestB" time="0.349">
    <failure message="expected [Please enter a ZIP/Postal Code] but found [Please enter ]" type="java.lang.AssertionError">java.lang.AssertionError: expected [Please enter a ZIP/Postal Code] but found [Please enter ]
	at Mathi.Test.RequestaccessvalidationTestB.ValidateZipcodeErrormessages(RequestaccessvalidationTestB.java:190)
</failure>
    <system-out><![CDATA[Bumblebee: Taking screenshot: C:\Users\padivv2\AppData\Local\Temp\screenshot5829020113800079058.png
]]></system-out>
  </testcase>
  <testcase name="ValidatePhoneErrormessages" classname="Mathi.Test.RequestaccessvalidationTestB" time="0.297"/>
  <testcase name="ValidateSpecialityErrormessages" classname="Mathi.Test.RequestaccessvalidationTestB" time="0.313"/>
  <testcase name="ValidateHCPCheckboxErrormessages" classname="Mathi.Test.RequestaccessvalidationTestB" time="0.312"/>
  <testcase name="Closebrowser" classname="Mathi.Test.RequestaccessvalidationTestB" time="2.675"/>
</testsuite>