<?xml version="1.0" encoding="UTF-8"?>
<testng-results skipped="0" failed="0" ignored="0" total="1" passed="1">
  <reporter-output>
  </reporter-output>
  <suite name="Default suite" duration-ms="85135" started-at="2018-03-09T14:05:50Z" finished-at="2018-03-09T14:07:15Z">
    <groups>
    </groups>
    <test name="Default test" duration-ms="85135" started-at="2018-03-09T14:05:50Z" finished-at="2018-03-09T14:07:15Z">
      <class name="Mathi.Test.eMnaual">
        <test-method status="PASS" signature="Launchbrowser()[pri:0, instance:Mathi.Test.eMnaual@1846619]" name="Launchbrowser" is-config="true" duration-ms="8250" started-at="2018-03-09T08:05:50Z" finished-at="2018-03-09T08:05:59Z">
          <reporter-output>
          </reporter-output>
        </test-method> <!-- Launchbrowser -->
        <test-method status="PASS" signature="EmanualtechsupportTest()[pri:0, instance:Mathi.Test.eMnaual@1846619]" name="EmanualtechsupportTest" duration-ms="76835" started-at="2018-03-09T08:05:59Z" finished-at="2018-03-09T08:07:15Z">
          <reporter-output>
          </reporter-output>
        </test-method> <!-- EmanualtechsupportTest -->
      </class> <!-- Mathi.Test.eMnaual -->
    </test> <!-- Default test -->
  </suite> <!-- Default suite -->
</testng-results>
