<?xml version="1.0" encoding="UTF-8"?>
<testng-results skipped="0" failed="0" ignored="0" total="4" passed="4">
  <reporter-output>
  </reporter-output>
  <suite name="Default suite" duration-ms="53032" started-at="2018-02-08T11:00:39Z" finished-at="2018-02-08T11:01:32Z">
    <groups>
    </groups>
    <test name="Default test" duration-ms="53032" started-at="2018-02-08T11:00:39Z" finished-at="2018-02-08T11:01:32Z">
      <class name="Mathi.Test.Loginvalidation">
        <test-method status="PASS" signature="Launchbrowser()[pri:0, instance:Mathi.Test.Loginvalidation@100df86]" name="Launchbrowser" is-config="true" duration-ms="7274" started-at="2018-02-08T05:00:39Z" finished-at="2018-02-08T05:00:46Z">
          <reporter-output>
          </reporter-output>
        </test-method> <!-- Launchbrowser -->
        <test-method status="PASS" signature="LoginvalidationTest(java.lang.String, java.lang.String, java.lang.String)[pri:0, instance:Mathi.Test.Loginvalidation@100df86]" name="LoginvalidationTest" duration-ms="5736" started-at="2018-02-08T05:00:46Z" data-provider="SearchProvider" finished-at="2018-02-08T05:00:52Z">
          <params>
            <param index="0">
              <value>
                <![CDATA[]]>
              </value>
            </param>
            <param index="1">
              <value>
                <![CDATA[]]>
              </value>
            </param>
            <param index="2">
              <value>
                <![CDATA[BlankInputs]]>
              </value>
            </param>
          </params>
          <reporter-output>
          </reporter-output>
        </test-method> <!-- LoginvalidationTest -->
        <test-method status="PASS" signature="LoginvalidationTest(java.lang.String, java.lang.String, java.lang.String)[pri:0, instance:Mathi.Test.Loginvalidation@100df86]" name="LoginvalidationTest" duration-ms="6290" started-at="2018-02-08T05:00:52Z" data-provider="SearchProvider" finished-at="2018-02-08T05:00:58Z">
          <params>
            <param index="0">
              <value>
                <![CDATA[Test]]>
              </value>
            </param>
            <param index="1">
              <value>
                <![CDATA[India]]>
              </value>
            </param>
            <param index="2">
              <value>
                <![CDATA[Invalidcredential]]>
              </value>
            </param>
          </params>
          <reporter-output>
          </reporter-output>
        </test-method> <!-- LoginvalidationTest -->
        <test-method status="PASS" signature="LoginvalidationTest(java.lang.String, java.lang.String, java.lang.String)[pri:0, instance:Mathi.Test.Loginvalidation@100df86]" name="LoginvalidationTest" duration-ms="16824" started-at="2018-02-08T05:00:58Z" data-provider="SearchProvider" finished-at="2018-02-08T05:01:15Z">
          <params>
            <param index="0">
              <value>
                <![CDATA[test@hcp.com]]>
              </value>
            </param>
            <param index="1">
              <value>
                <![CDATA[UK]]>
              </value>
            </param>
            <param index="2">
              <value>
                <![CDATA[Unregisteredemailid]]>
              </value>
            </param>
          </params>
          <reporter-output>
          </reporter-output>
        </test-method> <!-- LoginvalidationTest -->
        <test-method status="PASS" signature="LoginvalidationTest(java.lang.String, java.lang.String, java.lang.String)[pri:0, instance:Mathi.Test.Loginvalidation@100df86]" name="LoginvalidationTest" duration-ms="13659" started-at="2018-02-08T05:01:15Z" data-provider="SearchProvider" finished-at="2018-02-08T05:01:29Z">
          <params>
            <param index="0">
              <value>
                <![CDATA[testprofile0531@hcp.com]]>
              </value>
            </param>
            <param index="1">
              <value>
                <![CDATA[Test1234]]>
              </value>
            </param>
            <param index="2">
              <value>
                <![CDATA[Valid credential]]>
              </value>
            </param>
          </params>
          <reporter-output>
          </reporter-output>
        </test-method> <!-- LoginvalidationTest -->
        <test-method status="PASS" signature="Closebrowser()[pri:0, instance:Mathi.Test.Loginvalidation@100df86]" name="Closebrowser" is-config="true" duration-ms="3201" started-at="2018-02-08T05:01:29Z" finished-at="2018-02-08T05:01:32Z">
          <reporter-output>
          </reporter-output>
        </test-method> <!-- Closebrowser -->
      </class> <!-- Mathi.Test.Loginvalidation -->
    </test> <!-- Default test -->
  </suite> <!-- Default suite -->
</testng-results>
